<?xml version="1.0" encoding="UTF-8"?>
<!-- Generated by org.testng.reporters.JUnitReportReporter -->
<testsuite hostname="DESKTOP-3FO8H9V" failures="0" tests="3" name="com.test.CartPageTest" time="0.000" errors="0" timestamp="2023-03-12T16:06:04 IST" skipped="3">
  <testcase classname="com.test.CartPageTest" name="goToCart" time="0.000">
    <skipped/>
  </testcase> <!-- goToCart -->
  <system-out/>
  <testcase classname="com.test.CartPageTest" name="validateDeleteItem" time="0.000">
    <skipped/>
  </testcase> <!-- validateDeleteItem -->
  <system-out/>
  <testcase classname="com.test.CartPageTest" name="valiadteTotalProductPrice" time="0.000">
    <skipped/>
  </testcase> <!-- valiadteTotalProductPrice -->
  <system-out/>
</testsuite> <!-- com.test.CartPageTest -->
