<?xml version="1.0" encoding="UTF-8"?>
<!-- Generated by org.testng.reporters.JUnitReportReporter -->
<testsuite hostname="DESKTOP-3FO8H9V" failures="0" tests="3" name="com.test.ProductInfoPageTest" time="0.000" errors="0" timestamp="2023-03-12T16:06:04 IST" skipped="3">
  <testcase classname="com.test.ProductInfoPageTest" name="selectMonitor" time="0.000">
    <skipped/>
  </testcase> <!-- selectMonitor -->
  <system-out/>
  <testcase classname="com.test.ProductInfoPageTest" name="selectLappy" time="0.000">
    <skipped/>
  </testcase> <!-- selectLappy -->
  <system-out/>
  <testcase classname="com.test.ProductInfoPageTest" name="selectPhone" time="0.000">
    <skipped/>
  </testcase> <!-- selectPhone -->
  <system-out/>
</testsuite> <!-- com.test.ProductInfoPageTest -->
