<?xml version="1.0" encoding="UTF-8"?>
<!-- Generated by org.testng.reporters.JUnitReportReporter -->
<testsuite hostname="DESKTOP-3FO8H9V" failures="0" tests="2" name="com.test.PaymentInfoPageTest" time="0.000" errors="0" timestamp="2023-03-12T16:06:04 IST" skipped="2">
  <testcase classname="com.test.PaymentInfoPageTest" name="verifyPurchaseWithoutInfo" time="0.000">
    <skipped/>
  </testcase> <!-- verifyPurchaseWithoutInfo -->
  <system-out/>
  <testcase classname="com.test.PaymentInfoPageTest" name="verifyPurchaseWithInfo" time="0.000">
    <skipped/>
  </testcase> <!-- verifyPurchaseWithInfo -->
  <system-out/>
</testsuite> <!-- com.test.PaymentInfoPageTest -->
