<?xml version="1.0" encoding="UTF-8"?>
<!-- Generated by org.testng.reporters.JUnitReportReporter -->
<testsuite hostname="DESKTOP-3FO8H9V" failures="0" tests="1" name="com.test.LoginPageTest" time="0.000" errors="0" timestamp="2023-03-12T16:06:04 IST" skipped="1">
  <testcase classname="com.test.LoginPageTest" name="loginTest" time="0.000">
    <skipped/>
  </testcase> <!-- loginTest -->
  <system-out/>
</testsuite> <!-- com.test.LoginPageTest -->
