<?xml version="1.0" encoding="UTF-8"?>
<!-- Generated by org.testng.reporters.JUnitReportReporter -->
<testsuite hostname="DESKTOP-7G3FJ2O" failures="0" tests="1" name="com.test.Validations" time="0.000" errors="0" timestamp="2023-03-08T12:25:35 IST" skipped="1">
  <testcase classname="com.test.Validations" name="duplicateSignup" time="0.000">
    <skipped/>
  </testcase> <!-- duplicateSignup -->
  <system-out/>
</testsuite> <!-- com.test.Validations -->
